2013-02-20 10:06:15,909 INFO [org.jasig.cas.util.AutowiringSchedulerFactoryBean] - Starting Quartz Scheduler now
2013-02-20 10:06:16,086 WARN [org.jasig.cas.web.flow.ServiceAuthorizationCheck] - Unauthorized Service Access for Service: [ null ] - service is not defined in the service registry.
2013-02-20 10:06:16,086 WARN [org.jasig.cas.web.flow.ServiceAuthorizationCheck] - Unauthorized Service Access for Service: [ null ] - service is not defined in the service registry.
2013-02-20 10:06:16,088 WARN [org.jasig.cas.web.flow.ServiceAuthorizationCheck] - Unauthorized Service Access for Service: [ null ] - service is not enabled in the service registry.
2013-02-20 10:06:16,088 WARN [org.jasig.cas.web.flow.ServiceAuthorizationCheck] - Unauthorized Service Access for Service: [ null ] - service is not enabled in the service registry.
2013-02-20 10:06:17,064 INFO [org.jasig.cas.services.DefaultServicesManagerImpl] - Loaded 1 services.
2013-02-20 10:06:17,381 WARN [org.jasig.cas.authentication.handler.support.SimpleTestUsernamePasswordAuthenticationHandler] - org.jasig.cas.authentication.handler.support.SimpleTestUsernamePasswordAuthenticationHandler is only to be used in a testing environment.  NEVER enable this in a production environment.
2013-02-20 10:06:19,056 INFO [org.jasig.cas.util.AutowiringSchedulerFactoryBean] - Starting Quartz Scheduler now
2013-02-20 10:10:14,925 INFO [org.jasig.cas.util.AutowiringSchedulerFactoryBean] - Starting Quartz Scheduler now
2013-02-20 10:10:15,093 WARN [org.jasig.cas.web.flow.ServiceAuthorizationCheck] - Unauthorized Service Access for Service: [ null ] - service is not enabled in the service registry.
2013-02-20 10:10:15,093 WARN [org.jasig.cas.web.flow.ServiceAuthorizationCheck] - Unauthorized Service Access for Service: [ null ] - service is not enabled in the service registry.
2013-02-20 10:10:15,094 WARN [org.jasig.cas.web.flow.ServiceAuthorizationCheck] - Unauthorized Service Access for Service: [ null ] - service is not defined in the service registry.
2013-02-20 10:10:15,094 WARN [org.jasig.cas.web.flow.ServiceAuthorizationCheck] - Unauthorized Service Access for Service: [ null ] - service is not defined in the service registry.
2013-02-20 10:10:16,027 INFO [org.jasig.cas.services.DefaultServicesManagerImpl] - Loaded 1 services.
2013-02-20 10:10:16,329 WARN [org.jasig.cas.authentication.handler.support.SimpleTestUsernamePasswordAuthenticationHandler] - org.jasig.cas.authentication.handler.support.SimpleTestUsernamePasswordAuthenticationHandler is only to be used in a testing environment.  NEVER enable this in a production environment.
2013-02-20 10:10:17,975 INFO [org.jasig.cas.util.AutowiringSchedulerFactoryBean] - Starting Quartz Scheduler now
2013-02-20 10:12:04,975 INFO [org.jasig.cas.util.AutowiringSchedulerFactoryBean] - Starting Quartz Scheduler now
2013-02-20 10:12:05,144 WARN [org.jasig.cas.web.flow.ServiceAuthorizationCheck] - Unauthorized Service Access for Service: [ null ] - service is not defined in the service registry.
2013-02-20 10:12:05,144 WARN [org.jasig.cas.web.flow.ServiceAuthorizationCheck] - Unauthorized Service Access for Service: [ null ] - service is not defined in the service registry.
2013-02-20 10:12:05,148 WARN [org.jasig.cas.web.flow.ServiceAuthorizationCheck] - Unauthorized Service Access for Service: [ null ] - service is not enabled in the service registry.
2013-02-20 10:12:05,148 WARN [org.jasig.cas.web.flow.ServiceAuthorizationCheck] - Unauthorized Service Access for Service: [ null ] - service is not enabled in the service registry.
2013-02-20 10:12:06,065 INFO [org.jasig.cas.services.DefaultServicesManagerImpl] - Loaded 1 services.
2013-02-20 10:12:06,368 WARN [org.jasig.cas.authentication.handler.support.SimpleTestUsernamePasswordAuthenticationHandler] - org.jasig.cas.authentication.handler.support.SimpleTestUsernamePasswordAuthenticationHandler is only to be used in a testing environment.  NEVER enable this in a production environment.
2013-02-20 10:12:08,033 INFO [org.jasig.cas.util.AutowiringSchedulerFactoryBean] - Starting Quartz Scheduler now
2013-02-20 10:15:40,114 INFO [org.jasig.cas.util.AutowiringSchedulerFactoryBean] - Starting Quartz Scheduler now
2013-02-20 10:15:40,288 WARN [org.jasig.cas.web.flow.ServiceAuthorizationCheck] - Unauthorized Service Access for Service: [ null ] - service is not enabled in the service registry.
2013-02-20 10:15:40,288 WARN [org.jasig.cas.web.flow.ServiceAuthorizationCheck] - Unauthorized Service Access for Service: [ null ] - service is not enabled in the service registry.
2013-02-20 10:15:40,289 WARN [org.jasig.cas.web.flow.ServiceAuthorizationCheck] - Unauthorized Service Access for Service: [ null ] - service is not defined in the service registry.
2013-02-20 10:15:40,289 WARN [org.jasig.cas.web.flow.ServiceAuthorizationCheck] - Unauthorized Service Access for Service: [ null ] - service is not defined in the service registry.
2013-02-20 10:15:41,223 INFO [org.jasig.cas.services.DefaultServicesManagerImpl] - Loaded 1 services.
2013-02-20 10:15:41,532 WARN [org.jasig.cas.authentication.handler.support.SimpleTestUsernamePasswordAuthenticationHandler] - org.jasig.cas.authentication.handler.support.SimpleTestUsernamePasswordAuthenticationHandler is only to be used in a testing environment.  NEVER enable this in a production environment.
2013-02-20 10:15:43,176 INFO [org.jasig.cas.util.AutowiringSchedulerFactoryBean] - Starting Quartz Scheduler now
2013-02-20 10:21:18,660 INFO [org.jasig.cas.util.AutowiringSchedulerFactoryBean] - Starting Quartz Scheduler now
2013-02-20 10:21:18,836 WARN [org.jasig.cas.web.flow.ServiceAuthorizationCheck] - Unauthorized Service Access for Service: [ null ] - service is not enabled in the service registry.
2013-02-20 10:21:18,836 WARN [org.jasig.cas.web.flow.ServiceAuthorizationCheck] - Unauthorized Service Access for Service: [ null ] - service is not enabled in the service registry.
2013-02-20 10:21:18,837 WARN [org.jasig.cas.web.flow.ServiceAuthorizationCheck] - Unauthorized Service Access for Service: [ null ] - service is not defined in the service registry.
2013-02-20 10:21:18,837 WARN [org.jasig.cas.web.flow.ServiceAuthorizationCheck] - Unauthorized Service Access for Service: [ null ] - service is not defined in the service registry.
2013-02-20 10:21:19,772 INFO [org.jasig.cas.services.DefaultServicesManagerImpl] - Loaded 1 services.
2013-02-20 10:21:20,083 WARN [org.jasig.cas.authentication.handler.support.SimpleTestUsernamePasswordAuthenticationHandler] - org.jasig.cas.authentication.handler.support.SimpleTestUsernamePasswordAuthenticationHandler is only to be used in a testing environment.  NEVER enable this in a production environment.
2013-02-20 10:21:21,740 INFO [org.jasig.cas.util.AutowiringSchedulerFactoryBean] - Starting Quartz Scheduler now
2013-02-20 10:25:15,597 INFO [org.jasig.cas.util.AutowiringSchedulerFactoryBean] - Starting Quartz Scheduler now
2013-02-20 10:25:15,775 WARN [org.jasig.cas.web.flow.ServiceAuthorizationCheck] - Unauthorized Service Access for Service: [ null ] - service is not enabled in the service registry.
2013-02-20 10:25:15,775 WARN [org.jasig.cas.web.flow.ServiceAuthorizationCheck] - Unauthorized Service Access for Service: [ null ] - service is not enabled in the service registry.
2013-02-20 10:25:15,777 WARN [org.jasig.cas.web.flow.ServiceAuthorizationCheck] - Unauthorized Service Access for Service: [ null ] - service is not defined in the service registry.
2013-02-20 10:25:15,777 WARN [org.jasig.cas.web.flow.ServiceAuthorizationCheck] - Unauthorized Service Access for Service: [ null ] - service is not defined in the service registry.
2013-02-20 10:25:16,702 INFO [org.jasig.cas.services.DefaultServicesManagerImpl] - Loaded 1 services.
2013-02-20 10:25:17,015 WARN [org.jasig.cas.authentication.handler.support.SimpleTestUsernamePasswordAuthenticationHandler] - org.jasig.cas.authentication.handler.support.SimpleTestUsernamePasswordAuthenticationHandler is only to be used in a testing environment.  NEVER enable this in a production environment.
2013-02-20 10:25:18,678 INFO [org.jasig.cas.util.AutowiringSchedulerFactoryBean] - Starting Quartz Scheduler now
2013-02-20 10:31:59,932 INFO [org.jasig.cas.util.AutowiringSchedulerFactoryBean] - Starting Quartz Scheduler now
2013-02-20 10:32:00,107 WARN [org.jasig.cas.web.flow.ServiceAuthorizationCheck] - Unauthorized Service Access for Service: [ null ] - service is not enabled in the service registry.
2013-02-20 10:32:00,107 WARN [org.jasig.cas.web.flow.ServiceAuthorizationCheck] - Unauthorized Service Access for Service: [ null ] - service is not enabled in the service registry.
2013-02-20 10:32:00,109 WARN [org.jasig.cas.web.flow.ServiceAuthorizationCheck] - Unauthorized Service Access for Service: [ null ] - service is not defined in the service registry.
2013-02-20 10:32:00,109 WARN [org.jasig.cas.web.flow.ServiceAuthorizationCheck] - Unauthorized Service Access for Service: [ null ] - service is not defined in the service registry.
2013-02-20 10:32:01,035 INFO [org.jasig.cas.services.DefaultServicesManagerImpl] - Loaded 1 services.
2013-02-20 10:32:01,346 WARN [org.jasig.cas.authentication.handler.support.SimpleTestUsernamePasswordAuthenticationHandler] - org.jasig.cas.authentication.handler.support.SimpleTestUsernamePasswordAuthenticationHandler is only to be used in a testing environment.  NEVER enable this in a production environment.
2013-02-20 10:32:03,022 INFO [org.jasig.cas.util.AutowiringSchedulerFactoryBean] - Starting Quartz Scheduler now
